<?xml version="1.0" encoding="UTF-8"?>
<coverage line-rate="0.585365853658537" branch-rate="0" lines-covered="48" lines-valid="82" branches-covered="0" branches-valid="0" complexity="0" version="3.6.1" timestamp="2022-10-14 01:27:45">
  <sources/>
  <packages>
    <package name="tern.rbmi" line-rate="0.585365853658537" branch-rate="0" complexity="0">
      <classes>
        <class name="tabulate_rbmi.R" filename="R/tabulate_rbmi.R" line-rate="0.585365853658537" branch-rate="0" complexity="0">
          <methods>
            <method name="h_tidy_pool" signature="" line-rate="1" branch-rate="0">
              <lines>
                <line number="18" hits="5" branch="false"/>
                <line number="19" hits="5" branch="false"/>
                <line number="20" hits="5" branch="false"/>
                <line number="22" hits="5" branch="false"/>
                <line number="23" hits="5" branch="false"/>
                <line number="24" hits="5" branch="false"/>
                <line number="25" hits="5" branch="false"/>
                <line number="26" hits="5" branch="false"/>
                <line number="27" hits="5" branch="false"/>
                <line number="28" hits="5" branch="false"/>
                <line number="29" hits="5" branch="false"/>
                <line number="30" hits="5" branch="false"/>
                <line number="31" hits="5" branch="false"/>
                <line number="32" hits="5" branch="false"/>
                <line number="33" hits="5" branch="false"/>
                <line number="34" hits="5" branch="false"/>
                <line number="35" hits="5" branch="false"/>
                <line number="37" hits="5" branch="false"/>
                <line number="38" hits="5" branch="false"/>
                <line number="39" hits="5" branch="false"/>
                <line number="40" hits="5" branch="false"/>
                <line number="41" hits="5" branch="false"/>
                <line number="42" hits="5" branch="false"/>
                <line number="43" hits="5" branch="false"/>
                <line number="44" hits="5" branch="false"/>
                <line number="45" hits="5" branch="false"/>
                <line number="46" hits="5" branch="false"/>
                <line number="47" hits="5" branch="false"/>
                <line number="48" hits="5" branch="false"/>
                <line number="49" hits="5" branch="false"/>
                <line number="50" hits="5" branch="false"/>
                <line number="52" hits="5" branch="false"/>
                <line number="53" hits="5" branch="false"/>
                <line number="54" hits="5" branch="false"/>
                <line number="55" hits="5" branch="false"/>
                <line number="57" hits="5" branch="false"/>
              </lines>
            </method>
            <method name="tidy.pool" signature="" line-rate="1" branch-rate="0">
              <lines>
                <line number="73" hits="1" branch="false"/>
                <line number="75" hits="1" branch="false"/>
                <line number="76" hits="1" branch="false"/>
                <line number="77" hits="1" branch="false"/>
                <line number="79" hits="1" branch="false"/>
                <line number="81" hits="1" branch="false"/>
                <line number="83" hits="1" branch="false"/>
                <line number="85" hits="1" branch="false"/>
                <line number="87" hits="1" branch="false"/>
                <line number="88" hits="1" branch="false"/>
                <line number="89" hits="1" branch="false"/>
                <line number="91" hits="1" branch="false"/>
              </lines>
            </method>
            <method name="s_rbmi_lsmeans" signature="" line-rate="0" branch-rate="0">
              <lines>
                <line number="106" hits="0" branch="false"/>
                <line number="107" hits="0" branch="false"/>
                <line number="108" hits="0" branch="false"/>
                <line number="109" hits="0" branch="false"/>
                <line number="110" hits="0" branch="false"/>
                <line number="111" hits="0" branch="false"/>
                <line number="112" hits="0" branch="false"/>
                <line number="113" hits="0" branch="false"/>
                <line number="114" hits="0" branch="false"/>
                <line number="115" hits="0" branch="false"/>
                <line number="116" hits="0" branch="false"/>
                <line number="117" hits="0" branch="false"/>
                <line number="118" hits="0" branch="false"/>
                <line number="119" hits="0" branch="false"/>
                <line number="120" hits="0" branch="false"/>
                <line number="121" hits="0" branch="false"/>
                <line number="122" hits="0" branch="false"/>
                <line number="123" hits="0" branch="false"/>
                <line number="124" hits="0" branch="false"/>
                <line number="125" hits="0" branch="false"/>
              </lines>
            </method>
            <method name="summarize_rbmi" signature="" line-rate="0" branch-rate="0">
              <lines>
                <line number="203" hits="0" branch="false"/>
                <line number="204" hits="0" branch="false"/>
                <line number="205" hits="0" branch="false"/>
                <line number="206" hits="0" branch="false"/>
                <line number="207" hits="0" branch="false"/>
                <line number="208" hits="0" branch="false"/>
                <line number="209" hits="0" branch="false"/>
                <line number="210" hits="0" branch="false"/>
                <line number="211" hits="0" branch="false"/>
                <line number="212" hits="0" branch="false"/>
                <line number="213" hits="0" branch="false"/>
                <line number="214" hits="0" branch="false"/>
                <line number="215" hits="0" branch="false"/>
                <line number="216" hits="0" branch="false"/>
              </lines>
            </method>
          </methods>
          <lines>
            <line number="18" hits="5" branch="false"/>
            <line number="19" hits="5" branch="false"/>
            <line number="20" hits="5" branch="false"/>
            <line number="22" hits="5" branch="false"/>
            <line number="23" hits="5" branch="false"/>
            <line number="24" hits="5" branch="false"/>
            <line number="25" hits="5" branch="false"/>
            <line number="26" hits="5" branch="false"/>
            <line number="27" hits="5" branch="false"/>
            <line number="28" hits="5" branch="false"/>
            <line number="29" hits="5" branch="false"/>
            <line number="30" hits="5" branch="false"/>
            <line number="31" hits="5" branch="false"/>
            <line number="32" hits="5" branch="false"/>
            <line number="33" hits="5" branch="false"/>
            <line number="34" hits="5" branch="false"/>
            <line number="35" hits="5" branch="false"/>
            <line number="37" hits="5" branch="false"/>
            <line number="38" hits="5" branch="false"/>
            <line number="39" hits="5" branch="false"/>
            <line number="40" hits="5" branch="false"/>
            <line number="41" hits="5" branch="false"/>
            <line number="42" hits="5" branch="false"/>
            <line number="43" hits="5" branch="false"/>
            <line number="44" hits="5" branch="false"/>
            <line number="45" hits="5" branch="false"/>
            <line number="46" hits="5" branch="false"/>
            <line number="47" hits="5" branch="false"/>
            <line number="48" hits="5" branch="false"/>
            <line number="49" hits="5" branch="false"/>
            <line number="50" hits="5" branch="false"/>
            <line number="52" hits="5" branch="false"/>
            <line number="53" hits="5" branch="false"/>
            <line number="54" hits="5" branch="false"/>
            <line number="55" hits="5" branch="false"/>
            <line number="57" hits="5" branch="false"/>
            <line number="73" hits="1" branch="false"/>
            <line number="75" hits="1" branch="false"/>
            <line number="76" hits="1" branch="false"/>
            <line number="77" hits="1" branch="false"/>
            <line number="79" hits="1" branch="false"/>
            <line number="81" hits="1" branch="false"/>
            <line number="83" hits="1" branch="false"/>
            <line number="85" hits="1" branch="false"/>
            <line number="87" hits="1" branch="false"/>
            <line number="88" hits="1" branch="false"/>
            <line number="89" hits="1" branch="false"/>
            <line number="91" hits="1" branch="false"/>
            <line number="106" hits="0" branch="false"/>
            <line number="107" hits="0" branch="false"/>
            <line number="108" hits="0" branch="false"/>
            <line number="109" hits="0" branch="false"/>
            <line number="110" hits="0" branch="false"/>
            <line number="111" hits="0" branch="false"/>
            <line number="112" hits="0" branch="false"/>
            <line number="113" hits="0" branch="false"/>
            <line number="114" hits="0" branch="false"/>
            <line number="115" hits="0" branch="false"/>
            <line number="116" hits="0" branch="false"/>
            <line number="117" hits="0" branch="false"/>
            <line number="118" hits="0" branch="false"/>
            <line number="119" hits="0" branch="false"/>
            <line number="120" hits="0" branch="false"/>
            <line number="121" hits="0" branch="false"/>
            <line number="122" hits="0" branch="false"/>
            <line number="123" hits="0" branch="false"/>
            <line number="124" hits="0" branch="false"/>
            <line number="125" hits="0" branch="false"/>
            <line number="203" hits="0" branch="false"/>
            <line number="204" hits="0" branch="false"/>
            <line number="205" hits="0" branch="false"/>
            <line number="206" hits="0" branch="false"/>
            <line number="207" hits="0" branch="false"/>
            <line number="208" hits="0" branch="false"/>
            <line number="209" hits="0" branch="false"/>
            <line number="210" hits="0" branch="false"/>
            <line number="211" hits="0" branch="false"/>
            <line number="212" hits="0" branch="false"/>
            <line number="213" hits="0" branch="false"/>
            <line number="214" hits="0" branch="false"/>
            <line number="215" hits="0" branch="false"/>
            <line number="216" hits="0" branch="false"/>
          </lines>
        </class>
      </classes>
    </package>
  </packages>
</coverage>
